[INFO ] 2019-06-06 11:02:17 [restartedMain] com.agree.bank.zjjg.ZjjgApplication - Starting ZjjgApplication on LAPTOP-BDV4EUTU with PID 14192 (D:\idea\idea_workspace\ssm_01\target\classes started by 86176 in D:\idea\idea_workspace\ssm_01)
[INFO ] 2019-06-06 11:02:17 [restartedMain] com.agree.bank.zjjg.ZjjgApplication - No active profile set, falling back to default profiles: default
[INFO ] 2019-06-06 11:02:17 [restartedMain] o.s.b.d.e.DevToolsPropertyDefaultsPostProcessor - Devtools property defaults active! Set 'spring.devtools.add-properties' to 'false' to disable
[INFO ] 2019-06-06 11:02:17 [restartedMain] o.s.b.d.e.DevToolsPropertyDefaultsPostProcessor - For additional web related logging consider setting the 'logging.level.web' property to 'DEBUG'
[INFO ] 2019-06-06 11:02:17 [restartedMain] o.s.b.w.e.tomcat.TomcatWebServer - Tomcat initialized with port(s): 8080 (http)
[INFO ] 2019-06-06 11:02:17 [restartedMain] o.a.coyote.http11.Http11NioProtocol - Initializing ProtocolHandler ["http-nio-8080"]
[INFO ] 2019-06-06 11:02:17 [restartedMain] o.a.catalina.core.StandardService - Starting service [Tomcat]
[INFO ] 2019-06-06 11:02:17 [restartedMain] o.a.catalina.core.StandardEngine - Starting Servlet engine: [Apache Tomcat/9.0.19]
[INFO ] 2019-06-06 11:02:17 [restartedMain] org.apache.jasper.servlet.TldScanner - At least one JAR was scanned for TLDs yet contained no TLDs. Enable debug logging for this logger for a complete list of JARs that were scanned but no TLDs were found in them. Skipping unneeded JARs during scanning can improve startup time and JSP compilation time.
[INFO ] 2019-06-06 11:02:17 [restartedMain] o.a.c.c.C.[Tomcat].[localhost].[/] - Initializing Spring embedded WebApplicationContext
[INFO ] 2019-06-06 11:02:17 [restartedMain] o.s.web.context.ContextLoader - Root WebApplicationContext: initialization completed in 1333 ms
[INFO ] 2019-06-06 11:02:17 [restartedMain] o.s.s.c.ThreadPoolTaskExecutor - Initializing ExecutorService 'applicationTaskExecutor'
[INFO ] 2019-06-06 11:02:17 [restartedMain] o.s.b.d.a.OptionalLiveReloadServer - LiveReload server is running on port 35729
[INFO ] 2019-06-06 11:02:17 [restartedMain] o.a.coyote.http11.Http11NioProtocol - Starting ProtocolHandler ["http-nio-8080"]
[INFO ] 2019-06-06 11:02:17 [restartedMain] o.s.b.w.e.tomcat.TomcatWebServer - Tomcat started on port(s): 8080 (http) with context path ''
[INFO ] 2019-06-06 11:02:17 [restartedMain] com.agree.bank.zjjg.ZjjgApplication - Started ZjjgApplication in 2.597 seconds (JVM running for 3.617)
[INFO ] 2019-06-06 11:16:09 [main] o.s.b.t.c.SpringBootTestContextBootstrapper - Neither @ContextConfiguration nor @ContextHierarchy found for test class [com.agree.bank.zjjg.ZjjgApplicationTests], using SpringBootContextLoader
[INFO ] 2019-06-06 11:16:09 [main] o.s.t.c.s.AbstractContextLoader - Could not detect default resource locations for test class [com.agree.bank.zjjg.ZjjgApplicationTests]: no resource found for suffixes {-context.xml, Context.groovy}.
[INFO ] 2019-06-06 11:16:09 [main] o.s.t.c.s.AnnotationConfigContextLoaderUtils - Could not detect default configuration classes for test class [com.agree.bank.zjjg.ZjjgApplicationTests]: ZjjgApplicationTests does not declare any static, non-private, non-final, nested classes annotated with @Configuration.
[INFO ] 2019-06-06 11:16:09 [main] o.s.b.t.c.SpringBootTestContextBootstrapper - Found @SpringBootConfiguration com.agree.bank.zjjg.ZjjgApplication for test class com.agree.bank.zjjg.ZjjgApplicationTests
[INFO ] 2019-06-06 11:16:09 [main] o.s.b.t.c.SpringBootTestContextBootstrapper - Loaded default TestExecutionListener class names from location [META-INF/spring.factories]: [org.springframework.boot.test.mock.mockito.MockitoTestExecutionListener, org.springframework.boot.test.mock.mockito.ResetMocksTestExecutionListener, org.springframework.boot.test.autoconfigure.restdocs.RestDocsTestExecutionListener, org.springframework.boot.test.autoconfigure.web.client.MockRestServiceServerResetTestExecutionListener, org.springframework.boot.test.autoconfigure.web.servlet.MockMvcPrintOnlyOnFailureTestExecutionListener, org.springframework.boot.test.autoconfigure.web.servlet.WebDriverTestExecutionListener, org.springframework.test.context.web.ServletTestExecutionListener, org.springframework.test.context.support.DirtiesContextBeforeModesTestExecutionListener, org.springframework.test.context.support.DependencyInjectionTestExecutionListener, org.springframework.test.context.support.DirtiesContextTestExecutionListener, org.springframework.test.context.transaction.TransactionalTestExecutionListener, org.springframework.test.context.jdbc.SqlScriptsTestExecutionListener]
[INFO ] 2019-06-06 11:16:09 [main] o.s.b.t.c.SpringBootTestContextBootstrapper - Using TestExecutionListeners: [org.springframework.test.context.web.ServletTestExecutionListener@355ce81c, org.springframework.test.context.support.DirtiesContextBeforeModesTestExecutionListener@29647f75, org.springframework.boot.test.mock.mockito.MockitoTestExecutionListener@3315d2d7, org.springframework.boot.test.autoconfigure.SpringBootDependencyInjectionTestExecutionListener@d6e7bab, org.springframework.test.context.support.DirtiesContextTestExecutionListener@5fa07e12, org.springframework.test.context.transaction.TransactionalTestExecutionListener@55b53d44, org.springframework.test.context.jdbc.SqlScriptsTestExecutionListener@482bce4f, org.springframework.boot.test.mock.mockito.ResetMocksTestExecutionListener@366647c2, org.springframework.boot.test.autoconfigure.restdocs.RestDocsTestExecutionListener@6a6afff2, org.springframework.boot.test.autoconfigure.web.client.MockRestServiceServerResetTestExecutionListener@1649b0e6, org.springframework.boot.test.autoconfigure.web.servlet.MockMvcPrintOnlyOnFailureTestExecutionListener@865dd6, org.springframework.boot.test.autoconfigure.web.servlet.WebDriverTestExecutionListener@4da4253]
[INFO ] 2019-06-06 11:16:10 [main] c.a.bank.zjjg.ZjjgApplicationTests - Starting ZjjgApplicationTests on LAPTOP-BDV4EUTU with PID 11120 (started by 86176 in D:\idea\idea_workspace\ssm_01)
[INFO ] 2019-06-06 11:16:10 [main] c.a.bank.zjjg.ZjjgApplicationTests - No active profile set, falling back to default profiles: default
[INFO ] 2019-06-06 11:16:10 [main] o.s.s.c.ThreadPoolTaskExecutor - Initializing ExecutorService 'applicationTaskExecutor'
[INFO ] 2019-06-06 11:16:10 [main] c.a.bank.zjjg.ZjjgApplicationTests - Started ZjjgApplicationTests in 3.024 seconds (JVM running for 3.922)
[INFO ] 2019-06-06 11:16:10 [Thread-3] o.s.s.c.ThreadPoolTaskExecutor - Shutting down ExecutorService 'applicationTaskExecutor'
